turbo 2.6.1

• Packages in scope: @workspace/backend, @workspace/eslint-config, @workspace/typescript-config, @workspace/ui, embed, web, widget
• Running build in 7 packages
• Remote caching disabled
web:build: cache miss, executing 70ce40d71daccc5a
embed:build: cache hit, replaying logs 09e8db9be44bd1cc
embed:build: 
embed:build: 
embed:build: > embed@0.0.1 build /Users/user/Desktop/Projects/echo/apps/embed
embed:build: > vite build
embed:build: 
embed:build: [36mvite v5.4.21 [32mbuilding for production...[36m[39m
embed:build: [2K[1Gtransforming (1) [2membed.t[2K[1G[32m✓[39m 3 modules transformed.
embed:build: [2K[1Grendering chunks (1)...[2K[1G[2K[1Gcomputing gzip size (0)...[2K[1Gcomputing gzip size (1)...[2K[1G[2mdist/[22m[36mwidget.iife.js  [39m[1m[2m3.75 kB[22m[1m[22m[2m │ gzip: 1.53 kB[22m
embed:build: [32m✓ built in 59ms[39m
widget:build: cache hit, replaying logs 976ab971bac2546f
widget:build: 
widget:build: 
widget:build: > widget@0.0.1 build /Users/user/Desktop/Projects/echo/apps/widget
widget:build: > next build
widget:build: 
widget:build:    [1m[38;2;173;127;168m▲ Next.js 15.5.6[39m[22m
widget:build:    - Environments: .env.local
widget:build: 
widget:build:  [37m[1m [22m[39m Creating an optimized production build ...
widget:build:  [32m[1m✓[22m[39m Compiled successfully in 10.7s
widget:build: [?25l [37m[1m [22m[39m Linting and checking validity of types  [36m.[39m[2K[1G[1A[2K[1G [37m[1m [22m[39m Linting and checking validity of types  [36m..[39m[2K[1G[1A[2K[1G [37m[1m [22m[39m Linting and checking validity of types  [36m...[39m[2K[1G[1A[2K[1G [37m[1m [22m[39m Linting and checking validity of types  [36m.[39m[2K[1G[1A[2K[1G [37m[1m [22m[39m Linting and checking validity of types  [36m..[39m[2K[1G[1A[2K[1G [37m[1m [22m[39m Linting and checking validity of types  [36m...[39m[2K[1G[1A[2K[1G [37m[1m [22m[39m Linting and checking validity of types  [36m.[39m[2K[1G[1A[2K[1G [37m[1m [22m[39m Linting and checking validity of types  [36m..[39m[2K[1G[1A[2K[1G [37m[1m [22m[39m Linting and checking validity of types  [36m...[39m[2K[1G[1A[2K[1G [37m[1m [22m[39m Linting and checking validity of types  [36m.[39m[2K[1G[1A[2K[1G [37m[1m [22m[39m Linting and checking validity of types  [36m..[39m[2K[1G[1A[2K[1G [37m[1m [22m[39m Linting and checking validity of types  [36m...[39m[2K[1G[1A[2K[1G [37m[1m [22m[39m Linting and checking validity of types  [36m.[39m[2K[1G[1A[2K[1G [37m[1m [22m[39m Linting and checking validity of types  [36m..[39m[2K[1G[1A[2K[1G [37m[1m [22m[39m Linting and checking validity of types  [36m...[39m[2K[1G[1A[2K[1G [37m[1m [22m[39m Linting and checking validity of types  [36m.[39m[2K[1G[1A[2K[1G [37m[1m [22m[39m Linting and checking validity of types  [36m..[39m[2K[1G[1A[2K[1G [37m[1m [22m[39m Linting and checking validity of types  [36m...[39m[2K[1G[1A[2K[1G [37m[1m [22m[39m Linting and checking validity of types  [36m.[39m[2K[1G[1A[2K[1G [37m[1m [22m[39m Linting and checking validity of types  [36m..[39m[2K[1G[1A[2K[1G [37m[1m [22m[39m Linting and checking validity of types  [36m...[39m[2K[1G[1A[2K[1G [37m[1m [22m[39m Linting and checking validity of types  [36m.[39m[2K[1G[1A[2K[1G [37m[1m [22m[39m Linting and checking validity of types  [36m..[39m[2K[1G[1A[2K[1G[?25h [37m[1m [22m[39m Linting and checking validity of types    widget:build:  [32m[1m✓[22m[39m Linting and checking validity of types 
widget:build: [?25l [37m[1m [22m[39m Collecting page data  [36m.[39m[2K[1G[1A[2K[1G [37m[1m [22m[39m Collecting page data  [36m..[39m[2K[1G[1A[2K[1G[?25h [37m[1m [22m[39m Collecting page data    widget:build:  [32m[1m✓[22m[39m Collecting page data 
widget:build: [?25l [37m[1m [22m[39m Generating static pages (0/5)  [36m[    ][39m[2K[1G[1A[2K[1G [37m[1m [22m[39m Generating static pages (0/5)  [36m[=   ][39m[2K[1G[1A[2K[1G [37m[1m [22m[39m Generating static pages (0/5)  [36m[==  ][39m[2K[1G[1A[2K[1G[?25h [32m[1m✓[22m[39m Generating static pages (5/5)
widget:build: [?25l [37m[1m [22m[39m Finalizing page optimization  [36m.[39m[?25l [37m[1m [22m[39m Collecting build traces  [36m.[39m[2K[1G[1A[2K[1G [37m[1m [22m[39m Finalizing page optimization  [36m..[39m[2K[1G[1A[2K[1G [37m[1m [22m[39m Collecting build traces  [36m..[39m[2K[1G[1A[2K[1G [37m[1m [22m[39m Finalizing page optimization  [36m...[39m[2K[1G[1A[2K[1G [37m[1m [22m[39m Collecting build traces  [36m...[39m[2K[1G[1A[2K[1G [37m[1m [22m[39m Finalizing page optimization  [36m.[39m[2K[1G[1A[2K[1G [37m[1m [22m[39m Collecting build traces  [36m.[39m[2K[1G[1A[2K[1G [37m[1m [22m[39m Finalizing page optimization  [36m..[39m[2K[1G[1A[2K[1G [37m[1m [22m[39m Collecting build traces  [36m..[39m[2K[1G[1A[2K[1G [37m[1m [22m[39m Finalizing page optimization  [36m...[39m[2K[1G[1A[2K[1G [37m[1m [22m[39m Collecting build traces  [36m...[39m[2K[1G[1A[2K[1G [37m[1m [22m[39m Finalizing page optimization  [36m.[39m[2K[1G[1A[2K[1G [37m[1m [22m[39m Collecting build traces  [36m.[39m[2K[1G[1A[2K[1G [37m[1m [22m[39m Finalizing page optimization  [36m..[39m[2K[1G[1A[2K[1G [37m[1m [22m[39m Collecting build traces  [36m..[39m[2K[1G[1A[2K[1G [37m[1m [22m[39m Finalizing page optimization  [36m...[39m[2K[1G[1A[2K[1G [37m[1m [22m[39m Collecting build traces  [36m...[39m[2K[1G[1A[2K[1G [37m[1m [22m[39m Finalizing page optimization  [36m.[39m[2K[1G[1A[2K[1G [37m[1m [22m[39m Collecting build traces  [36m.[39m[2K[1G[1A[2K[1G [37m[1m [22m[39m Finalizing page optimization  [36m..[39m[2K[1G[1A[2K[1G [37m[1m [22m[39m Collecting build traces  [36m..[39m[2K[1G[1A[2K[1G [37m[1m [22m[39m Finalizing page optimization  [36m...[39m[2K[1G[1A[2K[1G [37m[1m [22m[39m Collecting build traces  [36m...[39m[2K[1G[1A[2K[1G [37m[1m [22m[39m Finalizing page optimization  [36m.[39m[2K[1G[1A[2K[1G [37m[1m [22m[39m Collecting build traces  [36m.[39m[2K[1G[1A[2K[1G [37m[1m [22m[39m Finalizing page optimization  [36m..[39m[2K[1G[1A[2K[1G [37m[1m [22m[39m Collecting build traces  [36m..[39m[2K[1G[1A[2K[1G [37m[1m [22m[39m Finalizing page optimization  [36m...[39m[2K[1G[1A[2K[1G [37m[1m [22m[39m Collecting build traces  [36m...[39m[2K[1G[1A[2K[1G [37m[1m [22m[39m Finalizing page optimization  [36m.[39m[2K[1G[1A[2K[1G [37m[1m [22m[39m Collecting build traces  [36m.[39m[2K[1G[1A[2K[1G [37m[1m [22m[39m Finalizing page optimization  [36m..[39m[2K[1G[1A[2K[1G [37m[1m [22m[39m Collecting build traces  [36m..[39m[2K[1G[1A[2K[1G [37m[1m [22m[39m Finalizing page optimization  [36m...[39m[2K[1G[1A[2K[1G [37m[1m [22m[39m Collecting build traces  [36m...[39m[2K[1G[1A[2K[1G [37m[1m [22m[39m Finalizing page optimization  [36m.[39m[2K[1G[1A[2K[1G [37m[1m [22m[39m Collecting build traces  [36m.[39m[2K[1G[1A[2K[1G[?25h [37m[1m [22m[39m Collecting build traces    widget:build:  [32m[1m✓[22m[39m Collecting build traces 
widget:build: [2K[1G[1A[2K[1G[?25h [37m[1m [22m[39m Finalizing page optimization    widget:build:  [32m[1m✓[22m[39m Finalizing page optimization 
widget:build: 
widget:build: [4mRoute (app)[24m                                 [4mSize[24m  [4mFirst Load JS[24m  [4m[24m  [4m[24m
widget:build: ┌ ƒ /                                     196 kB         [37m[1m320 kB[22m[39m
widget:build: └ ○ /_not-found                            993 B         [37m[1m103 kB[22m[39m
widget:build: + First Load JS shared by all             [37m[1m102 kB[22m[39m
widget:build:   ├ chunks/314-14922bf089d0ab6f.js       45.4 kB
widget:build:   ├ chunks/e1c99393-fc403339b424eb3c.js  54.2 kB
widget:build:   └ other shared chunks (total)          1.93 kB
widget:build: 
widget:build: 
widget:build: ○  (Static)   prerendered as static content
widget:build: ƒ  (Dynamic)  server-rendered on demand
widget:build: 
widget:build: [?25h
web:build: 
web:build: > web@0.0.1 build /Users/user/Desktop/Projects/echo/apps/web
web:build: > next build
web:build: 
web:build:    ▲ Next.js 15.5.6
web:build:    - Environments: .env.local
web:build:    - Experiments (use with caution):
web:build:      · clientTraceMetadata
web:build: 
web:build:    Creating an optimized production build ...
web:build:  ✓ Compiled successfully in 52s
web:build:    Linting and checking validity of types ...
web:build: 
web:build: ./app/sentry-example-page/page.tsx
web:build: 43:75  Warning: Using target="_blank" without rel="noreferrer" (which implies rel="noopener") is a security risk in older browsers: see https://mathiasbynens.github.io/rel-noopener/#recommendations  react/jsx-no-target-blank
web:build: 44:53  Warning: Using target="_blank" without rel="noreferrer" (which implies rel="noopener") is a security risk in older browsers: see https://mathiasbynens.github.io/rel-noopener/#recommendations  react/jsx-no-target-blank
web:build: 
web:build: info  - Need to disable some ESLint rules? Learn more here: https://nextjs.org/docs/app/api-reference/config/eslint#disabling-rules
web:build:    Collecting page data ...
web:build:    Generating static pages (0/12) ...
web:build:    Generating static pages (3/12) 
web:build:    Generating static pages (6/12) 
web:build:    Generating static pages (9/12) 
web:build:  ✓ Generating static pages (12/12)
web:build:    Finalizing page optimization ...
web:build:    Collecting build traces ...
web:build: 
web:build: Route (app)                                 Size  First Load JS
web:build: ┌ ƒ /                                      586 B         254 kB
web:build: ├ ○ /_not-found                          1.16 kB         221 kB
web:build: ├ ƒ /api/sentry-example-api                317 B         220 kB
web:build: ├ ƒ /billing                               718 B         248 kB
web:build: ├ ƒ /conversations                         656 B         226 kB
web:build: ├ ƒ /conversations/[conversationId]      64.5 kB         390 kB
web:build: ├ ƒ /customization                       7.32 kB         357 kB
web:build: ├ ƒ /files                               26.8 kB         343 kB
web:build: ├ ƒ /integrations                        7.55 kB         289 kB
web:build: ├ ƒ /org-selection/[[...org-selection]]    587 B         254 kB
web:build: ├ ƒ /plugins/vapi                        6.47 kB         355 kB
web:build: ├ ○ /sentry-example-page                 2.83 kB         222 kB
web:build: ├ ƒ /sign-in/[[...sign-in]]                587 B         254 kB
web:build: └ ƒ /sign-up/[[...sign-up]]                587 B         254 kB
web:build: + First Load JS shared by all             220 kB
web:build:   ├ chunks/2742-544d057a728d0e65.js       125 kB
web:build:   ├ chunks/e1c99393-dca93567a3966e6c.js  54.4 kB
web:build:   ├ chunks/ec92cb39-319ca19bb4e51498.js  37.1 kB
web:build:   └ other shared chunks (total)          2.96 kB
web:build: 
web:build: 
web:build: ƒ Middleware                              138 kB
web:build: 
web:build: ○  (Static)   prerendered as static content
web:build: ƒ  (Dynamic)  server-rendered on demand
web:build: 

 Tasks:    3 successful, 3 total
Cached:    2 cached, 3 total
  Time:    1m15.555s 

turbo 2.6.1

• Packages in scope: @workspace/backend, @workspace/eslint-config, @workspace/typescript-config, @workspace/ui, embed, web, widget
• Running build in 7 packages
• Remote caching disabled
embed:build: cache hit, replaying logs 09e8db9be44bd1cc
embed:build: 
embed:build: 
embed:build: > embed@0.0.1 build /Users/user/Desktop/Projects/echo/apps/embed
embed:build: > vite build
embed:build: 
embed:build: [36mvite v5.4.21 [32mbuilding for production...[36m[39m
embed:build: [2K[1Gtransforming (1) [2membed.t[2K[1G[32m✓[39m 3 modules transformed.
embed:build: [2K[1Grendering chunks (1)...[2K[1G[2K[1Gcomputing gzip size (0)...[2K[1Gcomputing gzip size (1)...[2K[1G[2mdist/[22m[36mwidget.iife.js  [39m[1m[2m3.75 kB[22m[1m[22m[2m │ gzip: 1.53 kB[22m
embed:build: [32m✓ built in 59ms[39m
widget:build: cache hit, replaying logs 976ab971bac2546f
widget:build: 
widget:build: 
widget:build: > widget@0.0.1 build /Users/user/Desktop/Projects/echo/apps/widget
widget:build: > next build
widget:build: 
widget:build:    [1m[38;2;173;127;168m▲ Next.js 15.5.6[39m[22m
widget:build:    - Environments: .env.local
widget:build: 
widget:build:  [37m[1m [22m[39m Creating an optimized production build ...
widget:build:  [32m[1m✓[22m[39m Compiled successfully in 10.7s
widget:build: [?25l [37m[1m [22m[39m Linting and checking validity of types  [36m.[39m[2K[1G[1A[2K[1G [37m[1m [22m[39m Linting and checking validity of types  [36m..[39m[2K[1G[1A[2K[1G [37m[1m [22m[39m Linting and checking validity of types  [36m...[39m[2K[1G[1A[2K[1G [37m[1m [22m[39m Linting and checking validity of types  [36m.[39m[2K[1G[1A[2K[1G [37m[1m [22m[39m Linting and checking validity of types  [36m..[39m[2K[1G[1A[2K[1G [37m[1m [22m[39m Linting and checking validity of types  [36m...[39m[2K[1G[1A[2K[1G [37m[1m [22m[39m Linting and checking validity of types  [36m.[39m[2K[1G[1A[2K[1G [37m[1m [22m[39m Linting and checking validity of types  [36m..[39m[2K[1G[1A[2K[1G [37m[1m [22m[39m Linting and checking validity of types  [36m...[39m[2K[1G[1A[2K[1G [37m[1m [22m[39m Linting and checking validity of types  [36m.[39m[2K[1G[1A[2K[1G [37m[1m [22m[39m Linting and checking validity of types  [36m..[39m[2K[1G[1A[2K[1G [37m[1m [22m[39m Linting and checking validity of types  [36m...[39m[2K[1G[1A[2K[1G [37m[1m [22m[39m Linting and checking validity of types  [36m.[39m[2K[1G[1A[2K[1G [37m[1m [22m[39m Linting and checking validity of types  [36m..[39m[2K[1G[1A[2K[1G [37m[1m [22m[39m Linting and checking validity of types  [36m...[39m[2K[1G[1A[2K[1G [37m[1m [22m[39m Linting and checking validity of types  [36m.[39m[2K[1G[1A[2K[1G [37m[1m [22m[39m Linting and checking validity of types  [36m..[39m[2K[1G[1A[2K[1G [37m[1m [22m[39m Linting and checking validity of types  [36m...[39m[2K[1G[1A[2K[1G [37m[1m [22m[39m Linting and checking validity of types  [36m.[39m[2K[1G[1A[2K[1G [37m[1m [22m[39m Linting and checking validity of types  [36m..[39m[2K[1G[1A[2K[1G [37m[1m [22m[39m Linting and checking validity of types  [36m...[39m[2K[1G[1A[2K[1G [37m[1m [22m[39m Linting and checking validity of types  [36m.[39m[2K[1G[1A[2K[1G [37m[1m [22m[39m Linting and checking validity of types  [36m..[39m[2K[1G[1A[2K[1G[?25h [37m[1m [22m[39m Linting and checking validity of types    widget:build:  [32m[1m✓[22m[39m Linting and checking validity of types 
widget:build: [?25l [37m[1m [22m[39m Collecting page data  [36m.[39m[2K[1G[1A[2K[1G [37m[1m [22m[39m Collecting page data  [36m..[39m[2K[1G[1A[2K[1G[?25h [37m[1m [22m[39m Collecting page data    widget:build:  [32m[1m✓[22m[39m Collecting page data 
widget:build: [?25l [37m[1m [22m[39m Generating static pages (0/5)  [36m[    ][39m[2K[1G[1A[2K[1G [37m[1m [22m[39m Generating static pages (0/5)  [36m[=   ][39m[2K[1G[1A[2K[1G [37m[1m [22m[39m Generating static pages (0/5)  [36m[==  ][39m[2K[1G[1A[2K[1G[?25h [32m[1m✓[22m[39m Generating static pages (5/5)
widget:build: [?25l [37m[1m [22m[39m Finalizing page optimization  [36m.[39m[?25l [37m[1m [22m[39m Collecting build traces  [36m.[39m[2K[1G[1A[2K[1G [37m[1m [22m[39m Finalizing page optimization  [36m..[39m[2K[1G[1A[2K[1G [37m[1m [22m[39m Collecting build traces  [36m..[39m[2K[1G[1A[2K[1G [37m[1m [22m[39m Finalizing page optimization  [36m...[39m[2K[1G[1A[2K[1G [37m[1m [22m[39m Collecting build traces  [36m...[39m[2K[1G[1A[2K[1G [37m[1m [22m[39m Finalizing page optimization  [36m.[39m[2K[1G[1A[2K[1G [37m[1m [22m[39m Collecting build traces  [36m.[39m[2K[1G[1A[2K[1G [37m[1m [22m[39m Finalizing page optimization  [36m..[39m[2K[1G[1A[2K[1G [37m[1m [22m[39m Collecting build traces  [36m..[39m[2K[1G[1A[2K[1G [37m[1m [22m[39m Finalizing page optimization  [36m...[39m[2K[1G[1A[2K[1G [37m[1m [22m[39m Collecting build traces  [36m...[39m[2K[1G[1A[2K[1G [37m[1m [22m[39m Finalizing page optimization  [36m.[39m[2K[1G[1A[2K[1G [37m[1m [22m[39m Collecting build traces  [36m.[39m[2K[1G[1A[2K[1G [37m[1m [22m[39m Finalizing page optimization  [36m..[39m[2K[1G[1A[2K[1G [37m[1m [22m[39m Collecting build traces  [36m..[39m[2K[1G[1A[2K[1G [37m[1m [22m[39m Finalizing page optimization  [36m...[39m[2K[1G[1A[2K[1G [37m[1m [22m[39m Collecting build traces  [36m...[39m[2K[1G[1A[2K[1G [37m[1m [22m[39m Finalizing page optimization  [36m.[39m[2K[1G[1A[2K[1G [37m[1m [22m[39m Collecting build traces  [36m.[39m[2K[1G[1A[2K[1G [37m[1m [22m[39m Finalizing page optimization  [36m..[39m[2K[1G[1A[2K[1G [37m[1m [22m[39m Collecting build traces  [36m..[39m[2K[1G[1A[2K[1G [37m[1m [22m[39m Finalizing page optimization  [36m...[39m[2K[1G[1A[2K[1G [37m[1m [22m[39m Collecting build traces  [36m...[39m[2K[1G[1A[2K[1G [37m[1m [22m[39m Finalizing page optimization  [36m.[39m[2K[1G[1A[2K[1G [37m[1m [22m[39m Collecting build traces  [36m.[39m[2K[1G[1A[2K[1G [37m[1m [22m[39m Finalizing page optimization  [36m..[39m[2K[1G[1A[2K[1G [37m[1m [22m[39m Collecting build traces  [36m..[39m[2K[1G[1A[2K[1G [37m[1m [22m[39m Finalizing page optimization  [36m...[39m[2K[1G[1A[2K[1G [37m[1m [22m[39m Collecting build traces  [36m...[39m[2K[1G[1A[2K[1G [37m[1m [22m[39m Finalizing page optimization  [36m.[39m[2K[1G[1A[2K[1G [37m[1m [22m[39m Collecting build traces  [36m.[39m[2K[1G[1A[2K[1G [37m[1m [22m[39m Finalizing page optimization  [36m..[39m[2K[1G[1A[2K[1G [37m[1m [22m[39m Collecting build traces  [36m..[39m[2K[1G[1A[2K[1G [37m[1m [22m[39m Finalizing page optimization  [36m...[39m[2K[1G[1A[2K[1G [37m[1m [22m[39m Collecting build traces  [36m...[39m[2K[1G[1A[2K[1G [37m[1m [22m[39m Finalizing page optimization  [36m.[39m[2K[1G[1A[2K[1G [37m[1m [22m[39m Collecting build traces  [36m.[39m[2K[1G[1A[2K[1G[?25h [37m[1m [22m[39m Collecting build traces    widget:build:  [32m[1m✓[22m[39m Collecting build traces 
widget:build: [2K[1G[1A[2K[1G[?25h [37m[1m [22m[39m Finalizing page optimization    widget:build:  [32m[1m✓[22m[39m Finalizing page optimization 
widget:build: 
widget:build: [4mRoute (app)[24m                                 [4mSize[24m  [4mFirst Load JS[24m  [4m[24m  [4m[24m
widget:build: ┌ ƒ /                                     196 kB         [37m[1m320 kB[22m[39m
widget:build: └ ○ /_not-found                            993 B         [37m[1m103 kB[22m[39m
widget:build: + First Load JS shared by all             [37m[1m102 kB[22m[39m
widget:build:   ├ chunks/314-14922bf089d0ab6f.js       45.4 kB
widget:build:   ├ chunks/e1c99393-fc403339b424eb3c.js  54.2 kB
widget:build:   └ other shared chunks (total)          1.93 kB
widget:build: 
widget:build: 
widget:build: ○  (Static)   prerendered as static content
widget:build: ƒ  (Dynamic)  server-rendered on demand
widget:build: 
widget:build: [?25h
web:build: cache hit, replaying logs 70ce40d71daccc5a
web:build: 
web:build: > web@0.0.1 build /Users/user/Desktop/Projects/echo/apps/web
web:build: > next build
web:build: 
web:build:    ▲ Next.js 15.5.6
web:build:    - Environments: .env.local
web:build:    - Experiments (use with caution):
web:build:      · clientTraceMetadata
web:build: 
web:build:    Creating an optimized production build ...
web:build:  ✓ Compiled successfully in 52s
web:build:    Linting and checking validity of types ...
web:build: 
web:build: ./app/sentry-example-page/page.tsx
web:build: 43:75  Warning: Using target="_blank" without rel="noreferrer" (which implies rel="noopener") is a security risk in older browsers: see https://mathiasbynens.github.io/rel-noopener/#recommendations  react/jsx-no-target-blank
web:build: 44:53  Warning: Using target="_blank" without rel="noreferrer" (which implies rel="noopener") is a security risk in older browsers: see https://mathiasbynens.github.io/rel-noopener/#recommendations  react/jsx-no-target-blank
web:build: 
web:build: info  - Need to disable some ESLint rules? Learn more here: https://nextjs.org/docs/app/api-reference/config/eslint#disabling-rules
web:build:    Collecting page data ...
web:build:    Generating static pages (0/12) ...
web:build:    Generating static pages (3/12) 
web:build:    Generating static pages (6/12) 
web:build:    Generating static pages (9/12) 
web:build:  ✓ Generating static pages (12/12)
web:build:    Finalizing page optimization ...
web:build:    Collecting build traces ...
web:build: 
web:build: Route (app)                                 Size  First Load JS
web:build: ┌ ƒ /                                      586 B         254 kB
web:build: ├ ○ /_not-found                          1.16 kB         221 kB
web:build: ├ ƒ /api/sentry-example-api                317 B         220 kB
web:build: ├ ƒ /billing                               718 B         248 kB
web:build: ├ ƒ /conversations                         656 B         226 kB
web:build: ├ ƒ /conversations/[conversationId]      64.5 kB         390 kB
web:build: ├ ƒ /customization                       7.32 kB         357 kB
web:build: ├ ƒ /files                               26.8 kB         343 kB
web:build: ├ ƒ /integrations                        7.55 kB         289 kB
web:build: ├ ƒ /org-selection/[[...org-selection]]    587 B         254 kB
web:build: ├ ƒ /plugins/vapi                        6.47 kB         355 kB
web:build: ├ ○ /sentry-example-page                 2.83 kB         222 kB
web:build: ├ ƒ /sign-in/[[...sign-in]]                587 B         254 kB
web:build: └ ƒ /sign-up/[[...sign-up]]                587 B         254 kB
web:build: + First Load JS shared by all             220 kB
web:build:   ├ chunks/2742-544d057a728d0e65.js       125 kB
web:build:   ├ chunks/e1c99393-dca93567a3966e6c.js  54.4 kB
web:build:   ├ chunks/ec92cb39-319ca19bb4e51498.js  37.1 kB
web:build:   └ other shared chunks (total)          2.96 kB
web:build: 
web:build: 
web:build: ƒ Middleware                              138 kB
web:build: 
web:build: ○  (Static)   prerendered as static content
web:build: ƒ  (Dynamic)  server-rendered on demand
web:build: 

 Tasks:    3 successful, 3 total
Cached:    3 cached, 3 total
  Time:    673ms >>> FULL TURBO

